[/home/pacopistolas/SSII/primer-entregable/dir_pruebas/Ay4peip/LqOkr71/tgtPxAFsNckjSSq.txt] ha sido modificado. {19:11-2/10/2019}
[/home/pacopistolas/SSII/primer-entregable/dir_pruebas/Ay4peip/VLlGxl8Ual9gfDA.txt] ha sido modificado. {19:11-2/10/2019}
[/home/pacopistolas/SSII/primer-entregable/dir_pruebas/Ay4peip/IQAEgil/iNJZ6oJoWiN2hNi.txt] ha sido modificado. {19:11-2/10/2019}
[/home/pacopistolas/SSII/primer-entregable/dir_pruebas/ZGoWmyTbh6F5rp9.txt] ha sido modificado. {19:11-2/10/2019}
[/home/pacopistolas/SSII/primer-entregable/dir_pruebas/akoT9YiRM6I5Kbe.txt] ha sido modificado. {19:11-2/10/2019}
[/home/pacopistolas/SSII/primer-entregable/dir_pruebas/Ay4peip/5kpvibr/BU1WctaXAJ12fhh.txt] ha sido modificado. {19:11-2/10/2019}
[/home/pacopistolas/SSII/primer-entregable/dir_pruebas/rikgO0FmWy5NdjA.txt] ha sido modificado. {19:11-2/10/2019}
[/home/pacopistolas/SSII/primer-entregable/dir_pruebas/Sp5ZyMN/ClCiKVY0yaj532N.txt] ha sido modificado. {19:11-2/10/2019}
[/home/pacopistolas/SSII/primer-entregable/dir_pruebas/Sp5ZyMN/B5UJOMrSZFxBELt.txt] ha sido modificado. {19:11-2/10/2019}
[/home/pacopistolas/SSII/primer-entregable/dir_pruebas/q74mCgCufciYBhp.txt] ha sido modificado. {19:11-2/10/2019}
----------> 0.09259259259259259 <----------
[/home/pacopistolas/SSII/primer-entregable/dir_pruebas/Kk2qzFZ/wLLA8MBaBL09Nko.txt] ha sido modificado. {19:11-3/10/2019}
[/home/pacopistolas/SSII/primer-entregable/dir_pruebas/Ay4peip/5kpvibr/68AbHNnXZIgFdWQ.txt] ha sido modificado. {19:11-3/10/2019}
[/home/pacopistolas/SSII/primer-entregable/dir_pruebas/Ay4peip/IQAEgil/5vg3mrTZ3txlN4W.txt] ha sido modificado. {19:11-3/10/2019}
[/home/pacopistolas/SSII/primer-entregable/dir_pruebas/qQlnHM0/NenwoJLoq3PlkE7.txt] ha sido modificado. {19:11-3/10/2019}
[/home/pacopistolas/SSII/primer-entregable/dir_pruebas/Ay4peip/B5P78yV/GG6nWy9icff3iL0.txt] ha sido modificado. {19:11-3/10/2019}
[/home/pacopistolas/SSII/primer-entregable/dir_pruebas/Kk2qzFZ/eBo2zaDfHi1t3mq.txt] ha sido modificado. {19:11-3/10/2019}
[/home/pacopistolas/SSII/primer-entregable/dir_pruebas/mlEdPt2/Si7HPVoE11IYubW.txt] ha sido modificado. {19:11-3/10/2019}
[/home/pacopistolas/SSII/primer-entregable/dir_pruebas/Ay4peip/RwVWQ1d/SxQsu7AHoXEim3o.txt] ha sido modificado. {19:11-3/10/2019}
[/home/pacopistolas/SSII/primer-entregable/dir_pruebas/1niW204kUAIdGSG.txt] ha sido modificado. {19:11-3/10/2019}
[/home/pacopistolas/SSII/primer-entregable/dir_pruebas/Ay4peip/GjsU7FSh3uOwgpE.txt] ha sido modificado. {19:11-3/10/2019}
[/home/pacopistolas/SSII/primer-entregable/dir_pruebas/FQ0bYxp/0rBXXBoveECVOuu.txt] ha sido modificado. {19:11-3/10/2019}
[/home/pacopistolas/SSII/primer-entregable/dir_pruebas/Ay4peip/763zSHB/M4MxMWUHABkHmcc.txt] ha sido modificado. {19:11-3/10/2019}
[/home/pacopistolas/SSII/primer-entregable/dir_pruebas/Ay4peip/RwVWQ1d/FUF1yS0i4UkOqS6.txt] ha sido modificado. {19:11-3/10/2019}
[/home/pacopistolas/SSII/primer-entregable/dir_pruebas/Ay4peip/B5P78yV/06ZtVF4iAJG4Y7n.txt] ha sido modificado. {19:11-3/10/2019}
----------> 0.2222222222222222 <----------
[/home/pacopistolas/SSII/primer-entregable/dir_pruebas/03czitr4ZRhQ35D.txt] ha sido modificado. {19:11-4/10/2019}
[/home/pacopistolas/SSII/primer-entregable/dir_pruebas/qQlnHM0/6zQ9KeP4BZKeKeD.txt] ha sido modificado. {19:11-4/10/2019}
[/home/pacopistolas/SSII/primer-entregable/dir_pruebas/Ay4peip/5kpvibr/5jF938mHVkUAJ5a.txt] ha sido modificado. {19:11-4/10/2019}
[/home/pacopistolas/SSII/primer-entregable/dir_pruebas/Kk2qzFZ/sFgQZbs2LkAU3m0.txt] ha sido modificado. {19:11-4/10/2019}
[/home/pacopistolas/SSII/primer-entregable/dir_pruebas/Sp5ZyMN/OV9dI3ZnGD6lqEQ.txt] ha sido modificado. {19:11-4/10/2019}
[/home/pacopistolas/SSII/primer-entregable/dir_pruebas/Ay4peip/5kpvibr/UI81FK4puv0ymfO.txt] ha sido modificado. {19:11-4/10/2019}
[/home/pacopistolas/SSII/primer-entregable/dir_pruebas/FQ0bYxp/PufRWJVtaQ1DW6Q.txt] ha sido modificado. {19:11-4/10/2019}
[/home/pacopistolas/SSII/primer-entregable/dir_pruebas/Ay4peip/B5P78yV/7PNvRa2ZKW7CJA6.txt] ha sido modificado. {19:11-4/10/2019}
[/home/pacopistolas/SSII/primer-entregable/dir_pruebas/Ay4peip/86XDiWeQglMm1qQ.txt] ha sido modificado. {19:11-4/10/2019}
[/home/pacopistolas/SSII/primer-entregable/dir_pruebas/Ay4peip/IQAEgil/l6CMmTRPiaq3b8z.txt] ha sido modificado. {19:11-4/10/2019}
[/home/pacopistolas/SSII/primer-entregable/dir_pruebas/Ay4peip/1wvW47BJnxovzcS.txt] ha sido modificado. {19:11-4/10/2019}
[/home/pacopistolas/SSII/primer-entregable/dir_pruebas/Ay4peip/mznyDJJl5LrRKbG.txt] ha sido modificado. {19:11-4/10/2019}
[/home/pacopistolas/SSII/primer-entregable/dir_pruebas/Ay4peip/763zSHB/DSyU4GKS8GznSlp.txt] ha sido modificado. {19:11-4/10/2019}
[/home/pacopistolas/SSII/primer-entregable/dir_pruebas/Ay4peip/nPQfje5Og3m2akT.txt] ha sido modificado. {19:11-4/10/2019}
----------> 0.35185185185185186 <----------
[/home/pacopistolas/SSII/primer-entregable/dir_pruebas/Ay4peip/763zSHB/eScSvEZTqmXXwhV.txt] ha sido modificado. {19:11-5/10/2019}
[/home/pacopistolas/SSII/primer-entregable/dir_pruebas/Ay4peip/IQAEgil/eZAlUa0vjtAXaZo.txt] ha sido modificado. {19:11-5/10/2019}
[/home/pacopistolas/SSII/primer-entregable/dir_pruebas/qQlnHM0/DDDh4DevPOcpLQU.txt] ha sido modificado. {19:11-5/10/2019}
[/home/pacopistolas/SSII/primer-entregable/dir_pruebas/zIt6obp9QSU0vj7.txt] ha sido modificado. {19:11-5/10/2019}
[/home/pacopistolas/SSII/primer-entregable/dir_pruebas/Sp5ZyMN/UW0WW0jL2OfOH5E.txt] ha sido modificado. {19:11-5/10/2019}
[/home/pacopistolas/SSII/primer-entregable/dir_pruebas/Ay4peip/5kpvibr/PpgLcYtvGLZAs82.txt] ha sido modificado. {19:11-5/10/2019}
[/home/pacopistolas/SSII/primer-entregable/dir_pruebas/Ay4peip/LqOkr71/F5lLK93cKjpL5lx.txt] ha sido modificado. {19:11-5/10/2019}
[/home/pacopistolas/SSII/primer-entregable/dir_pruebas/Ay4peip/B5P78yV/lQS33roSX3PvrKB.txt] ha sido modificado. {19:11-5/10/2019}
[/home/pacopistolas/SSII/primer-entregable/dir_pruebas/Ay4peip/ssEdPAIqCTKPlG2.txt] ha sido modificado. {19:11-5/10/2019}
[/home/pacopistolas/SSII/primer-entregable/dir_pruebas/Ay4peip/RwVWQ1d/qRUdI1Vpk9J3uzD.txt] ha sido modificado. {19:11-5/10/2019}
[/home/pacopistolas/SSII/primer-entregable/dir_pruebas/Ay4peip/LqOkr71/wdJuJELkir7I3Kp.txt] ha sido modificado. {19:11-5/10/2019}
----------> 0.4537037037037037 <----------
[/home/pacopistolas/SSII/primer-entregable/dir_pruebas/Ay4peip/B5P78yV/h2Gw8CsqlGSNpBp.txt] ha sido modificado. {19:11-6/10/2019}
[/home/pacopistolas/SSII/primer-entregable/dir_pruebas/JELahyj8kLMb0Jc.txt] ha sido modificado. {19:11-6/10/2019}
[/home/pacopistolas/SSII/primer-entregable/dir_pruebas/FQ0bYxp/j9ZDjJ0HnBVpj2s.txt] ha sido modificado. {19:11-6/10/2019}
[/home/pacopistolas/SSII/primer-entregable/dir_pruebas/Ay4peip/LqOkr71/ek5poIeDzEluqBl.txt] ha sido modificado. {19:11-6/10/2019}
[/home/pacopistolas/SSII/primer-entregable/dir_pruebas/EHwLgBlv9RamL01.txt] ha sido modificado. {19:11-6/10/2019}
[/home/pacopistolas/SSII/primer-entregable/dir_pruebas/Sp5ZyMN/O85VV2dQmxjvy6e.txt] ha sido modificado. {19:11-6/10/2019}
[/home/pacopistolas/SSII/primer-entregable/dir_pruebas/mlEdPt2/yIKwssF7eOTN1Hr.txt] ha sido modificado. {19:11-6/10/2019}
[/home/pacopistolas/SSII/primer-entregable/dir_pruebas/mlEdPt2/3dOAQt6khvHycGW.txt] ha sido modificado. {19:11-6/10/2019}
[/home/pacopistolas/SSII/primer-entregable/dir_pruebas/Be5KOCaTzFBim1Y.txt] ha sido modificado. {19:11-6/10/2019}
[/home/pacopistolas/SSII/primer-entregable/dir_pruebas/o0QSTQnZanNB1H4.txt] ha sido modificado. {19:11-6/10/2019}
----------> 0.5462962962962963 <----------
[/home/pacopistolas/SSII/primer-entregable/dir_pruebas/Ay4peip/IQAEgil/aYhR1J2hZX12Ztf.txt] ha sido modificado. {19:11-7/10/2019}
[/home/pacopistolas/SSII/primer-entregable/dir_pruebas/Ay4peip/5kpvibr/kwFyn89cgZlfrFp.txt] ha sido modificado. {19:11-7/10/2019}
[/home/pacopistolas/SSII/primer-entregable/dir_pruebas/qQlnHM0/wOHBIfx1y8Jv5p9.txt] ha sido modificado. {19:11-7/10/2019}
[/home/pacopistolas/SSII/primer-entregable/dir_pruebas/Ay4peip/RwVWQ1d/nv2WJC1bHzJyIIa.txt] ha sido modificado. {19:11-7/10/2019}
[/home/pacopistolas/SSII/primer-entregable/dir_pruebas/Ay4peip/P2lLK2yU1MraI9r.txt] ha sido modificado. {19:11-7/10/2019}
[/home/pacopistolas/SSII/primer-entregable/dir_pruebas/qQlnHM0/KdA7nCu5cRKbbhh.txt] ha sido modificado. {19:11-7/10/2019}
[/home/pacopistolas/SSII/primer-entregable/dir_pruebas/zYGHebdswaxkXoA.txt] ha sido modificado. {19:11-7/10/2019}
[/home/pacopistolas/SSII/primer-entregable/dir_pruebas/NoVtONICc6BtFpS.txt] ha sido modificado. {19:11-7/10/2019}
----------> 0.6203703703703703 <----------
[/home/pacopistolas/SSII/primer-entregable/dir_pruebas/Ay4peip/IQAEgil/fPC6qio3e02j44r.txt] ha sido modificado. {19:11-8/10/2019}
[/home/pacopistolas/SSII/primer-entregable/dir_pruebas/mlEdPt2/0Oizi2J3endfz3B.txt] ha sido modificado. {19:11-8/10/2019}
[/home/pacopistolas/SSII/primer-entregable/dir_pruebas/OEYIcsH3rGtsV1S.txt] ha sido modificado. {19:11-8/10/2019}
[/home/pacopistolas/SSII/primer-entregable/dir_pruebas/Ay4peip/IQAEgil/eIVRVWP6ZP49c5j.txt] ha sido modificado. {19:11-8/10/2019}
[/home/pacopistolas/SSII/primer-entregable/dir_pruebas/Ay4peip/RwVWQ1d/egQDLkVOoQyRIvp.txt] ha sido modificado. {19:11-8/10/2019}
[/home/pacopistolas/SSII/primer-entregable/dir_pruebas/Erfpooyw7Zr7IUV.txt] ha sido modificado. {19:11-8/10/2019}
[/home/pacopistolas/SSII/primer-entregable/dir_pruebas/mlEdPt2/Ya3S5AE0jBBow5T.txt] ha sido modificado. {19:11-8/10/2019}
[/home/pacopistolas/SSII/primer-entregable/dir_pruebas/Kk2qzFZ/6DpzMLuj6Qv6Kji.txt] ha sido modificado. {19:11-8/10/2019}
[/home/pacopistolas/SSII/primer-entregable/dir_pruebas/Ay4peip/RwVWQ1d/StSlcFfLsEO43Uh.txt] ha sido modificado. {19:11-8/10/2019}
----------> 0.7037037037037037 <----------
[/home/pacopistolas/SSII/primer-entregable/dir_pruebas/Ay4peip/763zSHB/fwuALVDbiUrdz46.txt] ha sido modificado. {19:11-9/10/2019}
[/home/pacopistolas/SSII/primer-entregable/dir_pruebas/qQlnHM0/OTaMLca7OMmXcxI.txt] ha sido modificado. {19:11-9/10/2019}
[/home/pacopistolas/SSII/primer-entregable/dir_pruebas/Kk2qzFZ/1IeM43QTjSnF6oQ.txt] ha sido modificado. {19:11-9/10/2019}
[/home/pacopistolas/SSII/primer-entregable/dir_pruebas/R3a75IkO1ZK4ppJ.txt] ha sido modificado. {19:11-9/10/2019}
[/home/pacopistolas/SSII/primer-entregable/dir_pruebas/Kk2qzFZ/YrhdVMTQsgrZyU4.txt] ha sido modificado. {19:11-9/10/2019}
[/home/pacopistolas/SSII/primer-entregable/dir_pruebas/Sp5ZyMN/YzMcaIP8KEuudc5.txt] ha sido modificado. {19:11-9/10/2019}
[/home/pacopistolas/SSII/primer-entregable/dir_pruebas/Ay4peip/LqOkr71/rO6EOWPgWtVpJ9Y.txt] ha sido modificado. {19:11-9/10/2019}
[/home/pacopistolas/SSII/primer-entregable/dir_pruebas/te2Lo9oBotXJFki.txt] ha sido modificado. {19:11-9/10/2019}
[/home/pacopistolas/SSII/primer-entregable/dir_pruebas/VhIWy4OnZfeQAsm.txt] ha sido modificado. {19:11-9/10/2019}
----------> 0.7870370370370371 <----------
[/home/pacopistolas/SSII/primer-entregable/dir_pruebas/Ay4peip/LqOkr71/LYJxS9TLz6Egwuy.txt] ha sido modificado. {19:11-10/10/2019}
[/home/pacopistolas/SSII/primer-entregable/dir_pruebas/Kk2qzFZ/aaRYpWoS82DZDxk.txt] ha sido modificado. {19:11-10/10/2019}
[/home/pacopistolas/SSII/primer-entregable/dir_pruebas/Ay4peip/B5P78yV/YIaeXoLx8UQvDjZ.txt] ha sido modificado. {19:11-10/10/2019}
[/home/pacopistolas/SSII/primer-entregable/dir_pruebas/Ay4peip/B5P78yV/E2CHh5kref65GwZ.txt] ha sido modificado. {19:11-10/10/2019}
[/home/pacopistolas/SSII/primer-entregable/dir_pruebas/mlEdPt2/HfFXRfgf1a0SVxd.txt] ha sido modificado. {19:11-10/10/2019}
[/home/pacopistolas/SSII/primer-entregable/dir_pruebas/eQ8QtfaN3qY6L6B.txt] ha sido modificado. {19:11-10/10/2019}
[/home/pacopistolas/SSII/primer-entregable/dir_pruebas/Ay4peip/NtLOCZRbut2EkdQ.txt] ha sido modificado. {19:11-10/10/2019}
[/home/pacopistolas/SSII/primer-entregable/dir_pruebas/Ay4peip/LqOkr71/5P9lcdYj5WMbjkC.txt] ha sido modificado. {19:11-10/10/2019}
[/home/pacopistolas/SSII/primer-entregable/dir_pruebas/mlEdPt2/FFaqfESr9LLbqIf.txt] ha sido modificado. {19:11-10/10/2019}
[/home/pacopistolas/SSII/primer-entregable/dir_pruebas/Ay4peip/5kpvibr/H468STSBTA5OCeo.txt] ha sido modificado. {19:11-10/10/2019}
[/home/pacopistolas/SSII/primer-entregable/dir_pruebas/Ay4peip/763zSHB/YeXrEjBdxxTMSCx.txt] ha sido modificado. {19:11-10/10/2019}
[/home/pacopistolas/SSII/primer-entregable/dir_pruebas/FQ0bYxp/SfXsaFXTUCVov5r.txt] ha sido modificado. {19:11-10/10/2019}
[/home/pacopistolas/SSII/primer-entregable/dir_pruebas/Ay4peip/763zSHB/HGm4iEBI7hS7PgY.txt] ha sido modificado. {19:11-10/10/2019}
[/home/pacopistolas/SSII/primer-entregable/dir_pruebas/Ay4peip/waoE7fg8VIcQt35.txt] ha sido modificado. {19:11-10/10/2019}
[/home/pacopistolas/SSII/primer-entregable/dir_pruebas/Ay4peip/763zSHB/bEMzvQ2twjtHk10.txt] ha sido modificado. {19:11-10/10/2019}
----------> 0.9259259259259259 <----------
[/home/pacopistolas/SSII/primer-entregable/dir_pruebas/FQ0bYxp/1kKV2ODMqae9GJm.txt] ha sido modificado. {19:11-11/10/2019}
[/home/pacopistolas/SSII/primer-entregable/dir_pruebas/Ay4peip/zomapr1FLrywukT.txt] ha sido modificado. {19:11-11/10/2019}
[/home/pacopistolas/SSII/primer-entregable/dir_pruebas/FQ0bYxp/q4Q00kyi7Ybrk4r.txt] ha sido modificado. {19:11-11/10/2019}
[/home/pacopistolas/SSII/primer-entregable/dir_pruebas/Sp5ZyMN/D2fLeX4kEDxblPg.txt] ha sido modificado. {19:11-11/10/2019}
[/home/pacopistolas/SSII/primer-entregable/dir_pruebas/FQ0bYxp/bA8ZmxWfkSsw1Tx.txt] ha sido modificado. {19:11-11/10/2019}
[/home/pacopistolas/SSII/primer-entregable/dir_pruebas/Ay4peip/RwVWQ1d/UQpSV5Or6pd1k6w.txt] ha sido modificado. {19:11-11/10/2019}
[/home/pacopistolas/SSII/primer-entregable/dir_pruebas/ZAytuWxoxril5pw.txt] ha sido modificado. {19:11-11/10/2019}
[/home/pacopistolas/SSII/primer-entregable/dir_pruebas/qQlnHM0/X00Wtea7VC8Qobd.txt] ha sido modificado. {19:11-11/10/2019}
----------> 1.0 <----------
